\BOOKMARK [1][-]{section.1}{\376\377\000I\000n\000t\000r\000o\000d\000u\000c\000t\000i\000o\000n}{}% 1
\BOOKMARK [1][-]{section.2}{\376\377\000S\000o\000u\000r\000c\000e\000\040\000C\000o\000d\000e}{}% 2
\BOOKMARK [1][-]{section.3}{\376\377\000D\000a\000t\000a\000s\000e\000t}{}% 3
\BOOKMARK [1][-]{section.4}{\376\377\000D\000i\000m\000e\000n\000s\000i\000o\000n\000a\000l\000i\000t\000y\000\040\000R\000e\000d\000u\000c\000t\000i\000o\000n}{}% 4
\BOOKMARK [2][-]{subsection.4.1}{\376\377\000P\000r\000i\000n\000c\000i\000p\000a\000l\000\040\000C\000o\000m\000p\000o\000n\000e\000n\000t\000\040\000A\000n\000a\000l\000y\000s\000i\000s\000\040\000\050\000P\000C\000A\000\051}{section.4}% 5
\BOOKMARK [2][-]{subsection.4.2}{\376\377\000K\000e\000r\000n\000e\000l\000\040\000P\000C\000A}{section.4}% 6
\BOOKMARK [1][-]{section.5}{\376\377\000H\000y\000b\000r\000i\000d\000\040\000U\000n\000s\000u\000p\000e\000r\000v\000i\000s\000e\000d\000\040\000-\000\040\000S\000u\000p\000e\000r\000v\000i\000s\000e\000d\000\040\000A\000p\000p\000r\000o\000a\000c\000h}{}% 7
\BOOKMARK [2][-]{subsection.5.1}{\376\377\000K\000M\000e\000a\000n\000s\000\040\000C\000l\000u\000s\000t\000e\000r\000i\000n\000g}{section.5}% 8
\BOOKMARK [2][-]{subsection.5.2}{\376\377\000S\000u\000p\000e\000r\000v\000i\000s\000e\000d\000\040\000C\000l\000a\000s\000s\000i\000f\000i\000c\000a\000t\000i\000o\000n\000\040\000o\000n\000\040\000C\000l\000u\000s\000t\000e\000r\000s}{section.5}% 9
\BOOKMARK [3][-]{subsubsection.5.2.1}{\376\377\000K\000e\000r\000n\000e\000l\000-\000S\000V\000M}{subsection.5.2}% 10
\BOOKMARK [3][-]{subsubsection.5.2.2}{\376\377\000F\000u\000l\000l\000y\000\040\000C\000o\000n\000n\000e\000c\000t\000e\000d\000\040\000N\000e\000u\000r\000a\000l\000\040\000N\000e\000t\000w\000o\000r\000k\000s}{subsection.5.2}% 11
\BOOKMARK [3][-]{subsubsection.5.2.3}{\376\377\000C\000o\000n\000v\000o\000l\000u\000t\000i\000o\000n\000a\000l\000\040\000N\000e\000u\000r\000a\000l\000\040\000N\000e\000t\000w\000o\000r\000k\000s}{subsection.5.2}% 12
\BOOKMARK [3][-]{subsubsection.5.2.4}{\376\377\000C\000o\000m\000p\000a\000r\000i\000s\000o\000n\000s}{subsection.5.2}% 13
\BOOKMARK [2][-]{subsection.5.3}{\376\377\000P\000e\000r\000f\000o\000r\000m\000a\000n\000c\000e\000\040\000o\000n\000\040\000T\000e\000s\000t\000\040\000S\000e\000t\000\040\000w\000i\000t\000h\000\040\000r\000e\000a\000l\000\040\000l\000a\000b\000e\000l\000s}{section.5}% 14
\BOOKMARK [1][-]{section.6}{\376\377\000F\000u\000l\000l\000y\000\040\000S\000u\000p\000e\000r\000v\000i\000s\000e\000d\000\040\000A\000p\000p\000r\000o\000a\000c\000h}{}% 15
\BOOKMARK [2][-]{subsection.6.1}{\376\377\000M\000o\000d\000e\000l\000\040\000P\000e\000r\000f\000o\000r\000m\000a\000n\000c\000e}{section.6}% 16
\BOOKMARK [2][-]{subsection.6.2}{\376\377\000C\000l\000a\000s\000s\000-\000w\000i\000s\000e\000\040\000A\000c\000c\000u\000r\000a\000c\000i\000e\000s}{section.6}% 17
\BOOKMARK [2][-]{subsection.6.3}{\376\377\000T\000r\000i\000a\000l\000\040\000o\000f\000\040\000N\000e\000u\000r\000a\000l\000\040\000N\000e\000t\000w\000o\000r\000k\000s\000\040\000o\000n\000\040\000n\000o\000t\000-\000s\000c\000a\000l\000e\000d\000\040\000d\000a\000t\000a}{section.6}% 18
\BOOKMARK [1][-]{section.7}{\376\377\000D\000i\000s\000c\000u\000s\000s\000i\000o\000n}{}% 19
\BOOKMARK [2][-]{subsection.7.1}{\376\377\000D\000i\000m\000e\000n\000s\000i\000o\000n\000a\000l\000i\000t\000y\000\040\000R\000e\000d\000u\000c\000t\000i\000o\000n\000\040\000a\000n\000d\000\040\000C\000l\000u\000s\000t\000e\000r\000i\000n\000g}{section.7}% 20
\BOOKMARK [2][-]{subsection.7.2}{\376\377\000H\000y\000b\000r\000i\000d\000\040\000v\000s\000.\000\040\000S\000u\000p\000e\000r\000v\000i\000s\000e\000d\000\040\000C\000l\000a\000s\000s\000i\000f\000i\000c\000a\000t\000i\000o\000n}{section.7}% 21
\BOOKMARK [2][-]{subsection.7.3}{\376\377\000M\000o\000d\000e\000l\000\040\000C\000o\000m\000p\000a\000r\000i\000s\000o\000n}{section.7}% 22
\BOOKMARK [1][-]{section.8}{\376\377\000C\000o\000n\000c\000l\000u\000s\000i\000o\000n\000s}{}% 23
